Determining if the pthread_create exist failed with the following output:
Change Dir: /home/phil/Desktop/Dropbox/Pro/programmiersprachen-raytracer/CMakeFiles/CMakeTmp

Run Build Command:/usr/bin/make "cmTryCompileExec3326038482/fast"
/usr/bin/make -f CMakeFiles/cmTryCompileExec3326038482.dir/build.make CMakeFiles/cmTryCompileExec3326038482.dir/build
make[1]: Entering directory `/home/phil/Desktop/Dropbox/Pro/programmiersprachen-raytracer/CMakeFiles/CMakeTmp'
/usr/bin/cmake -E cmake_progress_report /home/phil/Desktop/Dropbox/Pro/programmiersprachen-raytracer/CMakeFiles/CMakeTmp/CMakeFiles 1
Building C object CMakeFiles/cmTryCompileExec3326038482.dir/CheckSymbolExists.c.o
/usr/bin/cc    -o CMakeFiles/cmTryCompileExec3326038482.dir/CheckSymbolExists.c.o   -c /home/phil/Desktop/Dropbox/Pro/programmiersprachen-raytracer/CMakeFiles/CMakeTmp/CheckSymbolExists.c
Linking C executable cmTryCompileExec3326038482
/usr/bin/cmake -E cmake_link_script CMakeFiles/cmTryCompileExec3326038482.dir/link.txt --verbose=1
/usr/bin/cc       CMakeFiles/cmTryCompileExec3326038482.dir/CheckSymbolExists.c.o  -o cmTryCompileExec3326038482 -rdynamic 
CMakeFiles/cmTryCompileExec3326038482.dir/CheckSymbolExists.c.o: In function `main':
CheckSymbolExists.c:(.text+0x16): undefined reference to `pthread_create'
collect2: error: ld returned 1 exit status
make[1]: Leaving directory `/home/phil/Desktop/Dropbox/Pro/programmiersprachen-raytracer/CMakeFiles/CMakeTmp'
make[1]: *** [cmTryCompileExec3326038482] Error 1
make: *** [cmTryCompileExec3326038482/fast] Error 2

File /home/phil/Desktop/Dropbox/Pro/programmiersprachen-raytracer/CMakeFiles/CMakeTmp/CheckSymbolExists.c:
/* */
#include <pthread.h>

int main(int argc, char** argv)
{
  (void)argv;
#ifndef pthread_create
  return ((int*)(&pthread_create))[argc];
#else
  (void)argc;
  return 0;
#endif
}

Determining if the function pthread_create exists in the pthreads failed with the following output:
Change Dir: /home/phil/Desktop/Dropbox/Pro/programmiersprachen-raytracer/CMakeFiles/CMakeTmp

Run Build Command:/usr/bin/make "cmTryCompileExec1840851564/fast"
/usr/bin/make -f CMakeFiles/cmTryCompileExec1840851564.dir/build.make CMakeFiles/cmTryCompileExec1840851564.dir/build
make[1]: Entering directory `/home/phil/Desktop/Dropbox/Pro/programmiersprachen-raytracer/CMakeFiles/CMakeTmp'
/usr/bin/cmake -E cmake_progress_report /home/phil/Desktop/Dropbox/Pro/programmiersprachen-raytracer/CMakeFiles/CMakeTmp/CMakeFiles 1
Building C object CMakeFiles/cmTryCompileExec1840851564.dir/CheckFunctionExists.c.o
/usr/bin/cc   -DCHECK_FUNCTION_EXISTS=pthread_create   -o CMakeFiles/cmTryCompileExec1840851564.dir/CheckFunctionExists.c.o   -c /usr/share/cmake-2.8/Modules/CheckFunctionExists.c
Linking C executable cmTryCompileExec1840851564
/usr/bin/cmake -E cmake_link_script CMakeFiles/cmTryCompileExec1840851564.dir/link.txt --verbose=1
/usr/bin/cc   -DCHECK_FUNCTION_EXISTS=pthread_create    CMakeFiles/cmTryCompileExec1840851564.dir/CheckFunctionExists.c.o  -o cmTryCompileExec1840851564 -rdynamic -lpthreads 
/usr/bin/ld: cannot find -lpthreads
collect2: error: ld returned 1 exit status
make[1]: Leaving directory `/home/phil/Desktop/Dropbox/Pro/programmiersprachen-raytracer/CMakeFiles/CMakeTmp'
make[1]: *** [cmTryCompileExec1840851564] Error 1
make: *** [cmTryCompileExec1840851564/fast] Error 2


Determining if the function glXGetProcAddressEXT exists failed with the following output:
Change Dir: /home/phil/Desktop/Dropbox/Pro/programmiersprachen-raytracer/CMakeFiles/CMakeTmp

Run Build Command:/usr/bin/make "cmTryCompileExec3734014519/fast"
/usr/bin/make -f CMakeFiles/cmTryCompileExec3734014519.dir/build.make CMakeFiles/cmTryCompileExec3734014519.dir/build
make[1]: Entering directory `/home/phil/Desktop/Dropbox/Pro/programmiersprachen-raytracer/CMakeFiles/CMakeTmp'
/usr/bin/cmake -E cmake_progress_report /home/phil/Desktop/Dropbox/Pro/programmiersprachen-raytracer/CMakeFiles/CMakeTmp/CMakeFiles 1
Building C object CMakeFiles/cmTryCompileExec3734014519.dir/CheckFunctionExists.c.o
/usr/bin/cc   -DCHECK_FUNCTION_EXISTS=glXGetProcAddressEXT   -o CMakeFiles/cmTryCompileExec3734014519.dir/CheckFunctionExists.c.o   -c /usr/share/cmake-2.8/Modules/CheckFunctionExists.c
Linking C executable cmTryCompileExec3734014519
/usr/bin/cmake -E cmake_link_script CMakeFiles/cmTryCompileExec3734014519.dir/link.txt --verbose=1
/usr/bin/cc   -DCHECK_FUNCTION_EXISTS=glXGetProcAddressEXT    CMakeFiles/cmTryCompileExec3734014519.dir/CheckFunctionExists.c.o  -o cmTryCompileExec3734014519 -rdynamic -lGL 
CMakeFiles/cmTryCompileExec3734014519.dir/CheckFunctionExists.c.o: In function `main':
CheckFunctionExists.c:(.text+0x15): undefined reference to `glXGetProcAddressEXT'
collect2: error: ld returned 1 exit status
make[1]: *** [cmTryCompileExec3734014519] Error 1
make[1]: Leaving directory `/home/phil/Desktop/Dropbox/Pro/programmiersprachen-raytracer/CMakeFiles/CMakeTmp'
make: *** [cmTryCompileExec3734014519/fast] Error 2


