The system is: Linux - 4.2.0-42-generic - x86_64
Compiling the C compiler identification source file "CMakeCCompilerId.c" succeeded.
Compiler: /usr/bin/cc 
Build flags: 
Id flags: 

The output was:
0


Compilation of the C compiler identification source "CMakeCCompilerId.c" produced "a.out"

The C compiler identification is GNU, found in "/home/phil/Desktop/Dropbox/Aktuelle Aufgaben/SoftwareI/ThPhRayMan/raytracer/framework/CMakeFiles/2.8.12.2/CompilerIdC/a.out"

Compiling the CXX compiler identification source file "CMakeCXXCompilerId.cpp" succeeded.
Compiler: /usr/bin/c++ 
Build flags: 
Id flags: 

The output was:
0


Compilation of the CXX compiler identification source "CMakeCXXCompilerId.cpp" produced "a.out"

The CXX compiler identification is GNU, found in "/home/phil/Desktop/Dropbox/Aktuelle Aufgaben/SoftwareI/ThPhRayMan/raytracer/framework/CMakeFiles/2.8.12.2/CompilerIdCXX/a.out"

Determining if the C compiler works passed with the following output:
Change Dir: /home/phil/Desktop/Dropbox/Aktuelle Aufgaben/SoftwareI/ThPhRayMan/raytracer/framework/CMakeFiles/CMakeTmp

Run Build Command:/usr/bin/make "cmTryCompileExec2435469367/fast"
/usr/bin/make -f CMakeFiles/cmTryCompileExec2435469367.dir/build.make CMakeFiles/cmTryCompileExec2435469367.dir/build
make[1]: Entering directory `/home/phil/Desktop/Dropbox/Aktuelle Aufgaben/SoftwareI/ThPhRayMan/raytracer/framework/CMakeFiles/CMakeTmp'
/usr/bin/cmake -E cmake_progress_report "/home/phil/Desktop/Dropbox/Aktuelle Aufgaben/SoftwareI/ThPhRayMan/raytracer/framework/CMakeFiles/CMakeTmp/CMakeFiles" 1
Building C object CMakeFiles/cmTryCompileExec2435469367.dir/testCCompiler.c.o
/usr/bin/cc    -o CMakeFiles/cmTryCompileExec2435469367.dir/testCCompiler.c.o   -c "/home/phil/Desktop/Dropbox/Aktuelle Aufgaben/SoftwareI/ThPhRayMan/raytracer/framework/CMakeFiles/CMakeTmp/testCCompiler.c"
Linking C executable cmTryCompileExec2435469367
/usr/bin/cmake -E cmake_link_script CMakeFiles/cmTryCompileExec2435469367.dir/link.txt --verbose=1
/usr/bin/cc       CMakeFiles/cmTryCompileExec2435469367.dir/testCCompiler.c.o  -o cmTryCompileExec2435469367 -rdynamic 
make[1]: Leaving directory `/home/phil/Desktop/Dropbox/Aktuelle Aufgaben/SoftwareI/ThPhRayMan/raytracer/framework/CMakeFiles/CMakeTmp'


Detecting C compiler ABI info compiled with the following output:
Change Dir: /home/phil/Desktop/Dropbox/Aktuelle Aufgaben/SoftwareI/ThPhRayMan/raytracer/framework/CMakeFiles/CMakeTmp

Run Build Command:/usr/bin/make "cmTryCompileExec2944797582/fast"
/usr/bin/make -f CMakeFiles/cmTryCompileExec2944797582.dir/build.make CMakeFiles/cmTryCompileExec2944797582.dir/build
make[1]: Entering directory `/home/phil/Desktop/Dropbox/Aktuelle Aufgaben/SoftwareI/ThPhRayMan/raytracer/framework/CMakeFiles/CMakeTmp'
/usr/bin/cmake -E cmake_progress_report "/home/phil/Desktop/Dropbox/Aktuelle Aufgaben/SoftwareI/ThPhRayMan/raytracer/framework/CMakeFiles/CMakeTmp/CMakeFiles" 1
Building C object CMakeFiles/cmTryCompileExec2944797582.dir/CMakeCCompilerABI.c.o
/usr/bin/cc    -o CMakeFiles/cmTryCompileExec2944797582.dir/CMakeCCompilerABI.c.o   -c /usr/share/cmake-2.8/Modules/CMakeCCompilerABI.c
Linking C executable cmTryCompileExec2944797582
/usr/bin/cmake -E cmake_link_script CMakeFiles/cmTryCompileExec2944797582.dir/link.txt --verbose=1
/usr/bin/cc     -v CMakeFiles/cmTryCompileExec2944797582.dir/CMakeCCompilerABI.c.o  -o cmTryCompileExec2944797582 -rdynamic  
Using built-in specs.
COLLECT_GCC=/usr/bin/cc
COLLECT_LTO_WRAPPER=/usr/lib/gcc/x86_64-linux-gnu/5/lto-wrapper
Target: x86_64-linux-gnu
Configured with: ../src/configure -v --with-pkgversion='Ubuntu 5.3.0-3ubuntu1~14.04' --with-bugurl=file:///usr/share/doc/gcc-5/README.Bugs --enable-languages=c,ada,c++,java,go,fortran,objc,obj-c++ --prefix=/usr --program-suffix=-5 --enable-shared --enable-linker-build-id --libexecdir=/usr/lib --without-included-gettext --enable-threads=posix --libdir=/usr/lib --enable-nls --with-sysroot=/ --enable-clocale=gnu --enable-libstdcxx-debug --enable-libstdcxx-time=yes --with-default-libstdcxx-abi=gcc4-compatible --disable-libstdcxx-dual-abi --enable-gnu-unique-object --disable-vtable-verify --enable-libmpx --enable-plugin --with-system-zlib --disable-browser-plugin --enable-java-awt=gtk --enable-gtk-cairo --with-java-home=/usr/lib/jvm/java-1.5.0-gcj-5-amd64/jre --enable-java-home --with-jvm-root-dir=/usr/lib/jvm/java-1.5.0-gcj-5-amd64 --with-jvm-jar-dir=/usr/lib/jvm-exports/java-1.5.0-gcj-5-amd64 --with-arch-directory=amd64 --with-ecj-jar=/usr/share/java/eclipse-ecj.jar --enable-objc-gc --enable-multiarch --disable-werror --with-arch-32=i686 --with-abi=m64 --with-multilib-list=m32,m64,mx32 --enable-multilib --with-tune=generic --enable-checking=release --build=x86_64-linux-gnu --host=x86_64-linux-gnu --target=x86_64-linux-gnu
Thread model: posix
gcc version 5.3.0 20151204 (Ubuntu 5.3.0-3ubuntu1~14.04) 
COMPILER_PATH=/usr/lib/gcc/x86_64-linux-gnu/5/:/usr/lib/gcc/x86_64-linux-gnu/5/:/usr/lib/gcc/x86_64-linux-gnu/:/usr/lib/gcc/x86_64-linux-gnu/5/:/usr/lib/gcc/x86_64-linux-gnu/
LIBRARY_PATH=/usr/lib/gcc/x86_64-linux-gnu/5/:/usr/lib/gcc/x86_64-linux-gnu/5/../../../x86_64-linux-gnu/:/usr/lib/gcc/x86_64-linux-gnu/5/../../../../lib/:/lib/x86_64-linux-gnu/:/lib/../lib/:/usr/lib/x86_64-linux-gnu/:/usr/lib/../lib/:/usr/lib/gcc/x86_64-linux-gnu/5/../../../:/lib/:/usr/lib/
COLLECT_GCC_OPTIONS='-v' '-o' 'cmTryCompileExec2944797582' '-rdynamic' '-mtune=generic' '-march=x86-64'
 /usr/lib/gcc/x86_64-linux-gnu/5/collect2 -plugin /usr/lib/gcc/x86_64-linux-gnu/5/liblto_plugin.so -plugin-opt=/usr/lib/gcc/x86_64-linux-gnu/5/lto-wrapper -plugin-opt=-fresolution=/tmp/ccYTYaxm.res -plugin-opt=-pass-through=-lgcc -plugin-opt=-pass-through=-lgcc_s -plugin-opt=-pass-through=-lc -plugin-opt=-pass-through=-lgcc -plugin-opt=-pass-through=-lgcc_s --sysroot=/ --build-id --eh-frame-hdr -m elf_x86_64 --hash-style=gnu --as-needed -export-dynamic -dynamic-linker /lib64/ld-linux-x86-64.so.2 -z relro -o cmTryCompileExec2944797582 /usr/lib/gcc/x86_64-linux-gnu/5/../../../x86_64-linux-gnu/crt1.o /usr/lib/gcc/x86_64-linux-gnu/5/../../../x86_64-linux-gnu/crti.o /usr/lib/gcc/x86_64-linux-gnu/5/crtbegin.o -L/usr/lib/gcc/x86_64-linux-gnu/5 -L/usr/lib/gcc/x86_64-linux-gnu/5/../../../x86_64-linux-gnu -L/usr/lib/gcc/x86_64-linux-gnu/5/../../../../lib -L/lib/x86_64-linux-gnu -L/lib/../lib -L/usr/lib/x86_64-linux-gnu -L/usr/lib/../lib -L/usr/lib/gcc/x86_64-linux-gnu/5/../../.. CMakeFiles/cmTryCompileExec2944797582.dir/CMakeCCompilerABI.c.o -lgcc --as-needed -lgcc_s --no-as-needed -lc -lgcc --as-needed -lgcc_s --no-as-needed /usr/lib/gcc/x86_64-linux-gnu/5/crtend.o /usr/lib/gcc/x86_64-linux-gnu/5/../../../x86_64-linux-gnu/crtn.o
make[1]: Leaving directory `/home/phil/Desktop/Dropbox/Aktuelle Aufgaben/SoftwareI/ThPhRayMan/raytracer/framework/CMakeFiles/CMakeTmp'


Parsed C implicit link information from above output:
  link line regex: [^( *|.*[/\])(ld|([^/\]+-)?ld|collect2)[^/\]*( |$)]
  ignore line: [Change Dir: /home/phil/Desktop/Dropbox/Aktuelle Aufgaben/SoftwareI/ThPhRayMan/raytracer/framework/CMakeFiles/CMakeTmp]
  ignore line: []
  ignore line: [Run Build Command:/usr/bin/make "cmTryCompileExec2944797582/fast"]
  ignore line: [/usr/bin/make -f CMakeFiles/cmTryCompileExec2944797582.dir/build.make CMakeFiles/cmTryCompileExec2944797582.dir/build]
  ignore line: [make[1]: Entering directory `/home/phil/Desktop/Dropbox/Aktuelle Aufgaben/SoftwareI/ThPhRayMan/raytracer/framework/CMakeFiles/CMakeTmp']
  ignore line: [/usr/bin/cmake -E cmake_progress_report "/home/phil/Desktop/Dropbox/Aktuelle Aufgaben/SoftwareI/ThPhRayMan/raytracer/framework/CMakeFiles/CMakeTmp/CMakeFiles" 1]
  ignore line: [Building C object CMakeFiles/cmTryCompileExec2944797582.dir/CMakeCCompilerABI.c.o]
  ignore line: [/usr/bin/cc    -o CMakeFiles/cmTryCompileExec2944797582.dir/CMakeCCompilerABI.c.o   -c /usr/share/cmake-2.8/Modules/CMakeCCompilerABI.c]
  ignore line: [Linking C executable cmTryCompileExec2944797582]
  ignore line: [/usr/bin/cmake -E cmake_link_script CMakeFiles/cmTryCompileExec2944797582.dir/link.txt --verbose=1]
  ignore line: [/usr/bin/cc     -v CMakeFiles/cmTryCompileExec2944797582.dir/CMakeCCompilerABI.c.o  -o cmTryCompileExec2944797582 -rdynamic  ]
  ignore line: [Using built-in specs.]
  ignore line: [COLLECT_GCC=/usr/bin/cc]
  ignore line: [COLLECT_LTO_WRAPPER=/usr/lib/gcc/x86_64-linux-gnu/5/lto-wrapper]
  ignore line: [Target: x86_64-linux-gnu]
  ignore line: [Configured with: ../src/configure -v --with-pkgversion='Ubuntu 5.3.0-3ubuntu1~14.04' --with-bugurl=file:///usr/share/doc/gcc-5/README.Bugs --enable-languages=c,ada,c++,java,go,fortran,objc,obj-c++ --prefix=/usr --program-suffix=-5 --enable-shared --enable-linker-build-id --libexecdir=/usr/lib --without-included-gettext --enable-threads=posix --libdir=/usr/lib --enable-nls --with-sysroot=/ --enable-clocale=gnu --enable-libstdcxx-debug --enable-libstdcxx-time=yes --with-default-libstdcxx-abi=gcc4-compatible --disable-libstdcxx-dual-abi --enable-gnu-unique-object --disable-vtable-verify --enable-libmpx --enable-plugin --with-system-zlib --disable-browser-plugin --enable-java-awt=gtk --enable-gtk-cairo --with-java-home=/usr/lib/jvm/java-1.5.0-gcj-5-amd64/jre --enable-java-home --with-jvm-root-dir=/usr/lib/jvm/java-1.5.0-gcj-5-amd64 --with-jvm-jar-dir=/usr/lib/jvm-exports/java-1.5.0-gcj-5-amd64 --with-arch-directory=amd64 --with-ecj-jar=/usr/share/java/eclipse-ecj.jar --enable-objc-gc --enable-multiarch --disable-werror --with-arch-32=i686 --with-abi=m64 --with-multilib-list=m32,m64,mx32 --enable-multilib --with-tune=generic --enable-checking=release --build=x86_64-linux-gnu --host=x86_64-linux-gnu --target=x86_64-linux-gnu]
  ignore line: [Thread model: posix]
  ignore line: [gcc version 5.3.0 20151204 (Ubuntu 5.3.0-3ubuntu1~14.04) ]
  ignore line: [COMPILER_PATH=/usr/lib/gcc/x86_64-linux-gnu/5/:/usr/lib/gcc/x86_64-linux-gnu/5/:/usr/lib/gcc/x86_64-linux-gnu/:/usr/lib/gcc/x86_64-linux-gnu/5/:/usr/lib/gcc/x86_64-linux-gnu/]
  ignore line: [LIBRARY_PATH=/usr/lib/gcc/x86_64-linux-gnu/5/:/usr/lib/gcc/x86_64-linux-gnu/5/../../../x86_64-linux-gnu/:/usr/lib/gcc/x86_64-linux-gnu/5/../../../../lib/:/lib/x86_64-linux-gnu/:/lib/../lib/:/usr/lib/x86_64-linux-gnu/:/usr/lib/../lib/:/usr/lib/gcc/x86_64-linux-gnu/5/../../../:/lib/:/usr/lib/]
  ignore line: [COLLECT_GCC_OPTIONS='-v' '-o' 'cmTryCompileExec2944797582' '-rdynamic' '-mtune=generic' '-march=x86-64']
  link line: [ /usr/lib/gcc/x86_64-linux-gnu/5/collect2 -plugin /usr/lib/gcc/x86_64-linux-gnu/5/liblto_plugin.so -plugin-opt=/usr/lib/gcc/x86_64-linux-gnu/5/lto-wrapper -plugin-opt=-fresolution=/tmp/ccYTYaxm.res -plugin-opt=-pass-through=-lgcc -plugin-opt=-pass-through=-lgcc_s -plugin-opt=-pass-through=-lc -plugin-opt=-pass-through=-lgcc -plugin-opt=-pass-through=-lgcc_s --sysroot=/ --build-id --eh-frame-hdr -m elf_x86_64 --hash-style=gnu --as-needed -export-dynamic -dynamic-linker /lib64/ld-linux-x86-64.so.2 -z relro -o cmTryCompileExec2944797582 /usr/lib/gcc/x86_64-linux-gnu/5/../../../x86_64-linux-gnu/crt1.o /usr/lib/gcc/x86_64-linux-gnu/5/../../../x86_64-linux-gnu/crti.o /usr/lib/gcc/x86_64-linux-gnu/5/crtbegin.o -L/usr/lib/gcc/x86_64-linux-gnu/5 -L/usr/lib/gcc/x86_64-linux-gnu/5/../../../x86_64-linux-gnu -L/usr/lib/gcc/x86_64-linux-gnu/5/../../../../lib -L/lib/x86_64-linux-gnu -L/lib/../lib -L/usr/lib/x86_64-linux-gnu -L/usr/lib/../lib -L/usr/lib/gcc/x86_64-linux-gnu/5/../../.. CMakeFiles/cmTryCompileExec2944797582.dir/CMakeCCompilerABI.c.o -lgcc --as-needed -lgcc_s --no-as-needed -lc -lgcc --as-needed -lgcc_s --no-as-needed /usr/lib/gcc/x86_64-linux-gnu/5/crtend.o /usr/lib/gcc/x86_64-linux-gnu/5/../../../x86_64-linux-gnu/crtn.o]
    arg [/usr/lib/gcc/x86_64-linux-gnu/5/collect2] ==> ignore
    arg [-plugin] ==> ignore
    arg [/usr/lib/gcc/x86_64-linux-gnu/5/liblto_plugin.so] ==> ignore
    arg [-plugin-opt=/usr/lib/gcc/x86_64-linux-gnu/5/lto-wrapper] ==> ignore
    arg [-plugin-opt=-fresolution=/tmp/ccYTYaxm.res] ==> ignore
    arg [-plugin-opt=-pass-through=-lgcc] ==> ignore
    arg [-plugin-opt=-pass-through=-lgcc_s] ==> ignore
    arg [-plugin-opt=-pass-through=-lc] ==> ignore
    arg [-plugin-opt=-pass-through=-lgcc] ==> ignore
    arg [-plugin-opt=-pass-through=-lgcc_s] ==> ignore
    arg [--sysroot=/] ==> ignore
    arg [--build-id] ==> ignore
    arg [--eh-frame-hdr] ==> ignore
    arg [-m] ==> ignore
    arg [elf_x86_64] ==> ignore
    arg [--hash-style=gnu] ==> ignore
    arg [--as-needed] ==> ignore
    arg [-export-dynamic] ==> ignore
    arg [-dynamic-linker] ==> ignore
    arg [/lib64/ld-linux-x86-64.so.2] ==> ignore
    arg [-zrelro] ==> ignore
    arg [-o] ==> ignore
    arg [cmTryCompileExec2944797582] ==> ignore
    arg [/usr/lib/gcc/x86_64-linux-gnu/5/../../../x86_64-linux-gnu/crt1.o] ==> ignore
    arg [/usr/lib/gcc/x86_64-linux-gnu/5/../../../x86_64-linux-gnu/crti.o] ==> ignore
    arg [/usr/lib/gcc/x86_64-linux-gnu/5/crtbegin.o] ==> ignore
    arg [-L/usr/lib/gcc/x86_64-linux-gnu/5] ==> dir [/usr/lib/gcc/x86_64-linux-gnu/5]
    arg [-L/usr/lib/gcc/x86_64-linux-gnu/5/../../../x86_64-linux-gnu] ==> dir [/usr/lib/gcc/x86_64-linux-gnu/5/../../../x86_64-linux-gnu]
    arg [-L/usr/lib/gcc/x86_64-linux-gnu/5/../../../../lib] ==> dir [/usr/lib/gcc/x86_64-linux-gnu/5/../../../../lib]
    arg [-L/lib/x86_64-linux-gnu] ==> dir [/lib/x86_64-linux-gnu]
    arg [-L/lib/../lib] ==> dir [/lib/../lib]
    arg [-L/usr/lib/x86_64-linux-gnu] ==> dir [/usr/lib/x86_64-linux-gnu]
    arg [-L/usr/lib/../lib] ==> dir [/usr/lib/../lib]
    arg [-L/usr/lib/gcc/x86_64-linux-gnu/5/../../..] ==> dir [/usr/lib/gcc/x86_64-linux-gnu/5/../../..]
    arg [CMakeFiles/cmTryCompileExec2944797582.dir/CMakeCCompilerABI.c.o] ==> ignore
    arg [-lgcc] ==> lib [gcc]
    arg [--as-needed] ==> ignore
    arg [-lgcc_s] ==> lib [gcc_s]
    arg [--no-as-needed] ==> ignore
    arg [-lc] ==> lib [c]
    arg [-lgcc] ==> lib [gcc]
    arg [--as-needed] ==> ignore
    arg [-lgcc_s] ==> lib [gcc_s]
    arg [--no-as-needed] ==> ignore
    arg [/usr/lib/gcc/x86_64-linux-gnu/5/crtend.o] ==> ignore
    arg [/usr/lib/gcc/x86_64-linux-gnu/5/../../../x86_64-linux-gnu/crtn.o] ==> ignore
  remove lib [gcc]
  remove lib [gcc_s]
  remove lib [gcc]
  remove lib [gcc_s]
  collapse library dir [/usr/lib/gcc/x86_64-linux-gnu/5] ==> [/usr/lib/gcc/x86_64-linux-gnu/5]
  collapse library dir [/usr/lib/gcc/x86_64-linux-gnu/5/../../../x86_64-linux-gnu] ==> [/usr/lib/x86_64-linux-gnu]
  collapse library dir [/usr/lib/gcc/x86_64-linux-gnu/5/../../../../lib] ==> [/usr/lib]
  collapse library dir [/lib/x86_64-linux-gnu] ==> [/lib/x86_64-linux-gnu]
  collapse library dir [/lib/../lib] ==> [/lib]
  collapse library dir [/usr/lib/x86_64-linux-gnu] ==> [/usr/lib/x86_64-linux-gnu]
  collapse library dir [/usr/lib/../lib] ==> [/usr/lib]
  collapse library dir [/usr/lib/gcc/x86_64-linux-gnu/5/../../..] ==> [/usr/lib]
  implicit libs: [c]
  implicit dirs: [/usr/lib/gcc/x86_64-linux-gnu/5;/usr/lib/x86_64-linux-gnu;/usr/lib;/lib/x86_64-linux-gnu;/lib]
  implicit fwks: []


Determining if the CXX compiler works passed with the following output:
Change Dir: /home/phil/Desktop/Dropbox/Aktuelle Aufgaben/SoftwareI/ThPhRayMan/raytracer/framework/CMakeFiles/CMakeTmp

Run Build Command:/usr/bin/make "cmTryCompileExec2036884827/fast"
/usr/bin/make -f CMakeFiles/cmTryCompileExec2036884827.dir/build.make CMakeFiles/cmTryCompileExec2036884827.dir/build
make[1]: Entering directory `/home/phil/Desktop/Dropbox/Aktuelle Aufgaben/SoftwareI/ThPhRayMan/raytracer/framework/CMakeFiles/CMakeTmp'
/usr/bin/cmake -E cmake_progress_report "/home/phil/Desktop/Dropbox/Aktuelle Aufgaben/SoftwareI/ThPhRayMan/raytracer/framework/CMakeFiles/CMakeTmp/CMakeFiles" 1
Building CXX object CMakeFiles/cmTryCompileExec2036884827.dir/testCXXCompiler.cxx.o
/usr/bin/c++     -o CMakeFiles/cmTryCompileExec2036884827.dir/testCXXCompiler.cxx.o -c "/home/phil/Desktop/Dropbox/Aktuelle Aufgaben/SoftwareI/ThPhRayMan/raytracer/framework/CMakeFiles/CMakeTmp/testCXXCompiler.cxx"
Linking CXX executable cmTryCompileExec2036884827
/usr/bin/cmake -E cmake_link_script CMakeFiles/cmTryCompileExec2036884827.dir/link.txt --verbose=1
/usr/bin/c++        CMakeFiles/cmTryCompileExec2036884827.dir/testCXXCompiler.cxx.o  -o cmTryCompileExec2036884827 -rdynamic 
make[1]: Leaving directory `/home/phil/Desktop/Dropbox/Aktuelle Aufgaben/SoftwareI/ThPhRayMan/raytracer/framework/CMakeFiles/CMakeTmp'


Detecting CXX compiler ABI info compiled with the following output:
Change Dir: /home/phil/Desktop/Dropbox/Aktuelle Aufgaben/SoftwareI/ThPhRayMan/raytracer/framework/CMakeFiles/CMakeTmp

Run Build Command:/usr/bin/make "cmTryCompileExec492803936/fast"
/usr/bin/make -f CMakeFiles/cmTryCompileExec492803936.dir/build.make CMakeFiles/cmTryCompileExec492803936.dir/build
make[1]: Entering directory `/home/phil/Desktop/Dropbox/Aktuelle Aufgaben/SoftwareI/ThPhRayMan/raytracer/framework/CMakeFiles/CMakeTmp'
/usr/bin/cmake -E cmake_progress_report "/home/phil/Desktop/Dropbox/Aktuelle Aufgaben/SoftwareI/ThPhRayMan/raytracer/framework/CMakeFiles/CMakeTmp/CMakeFiles" 1
Building CXX object CMakeFiles/cmTryCompileExec492803936.dir/CMakeCXXCompilerABI.cpp.o
/usr/bin/c++     -o CMakeFiles/cmTryCompileExec492803936.dir/CMakeCXXCompilerABI.cpp.o -c /usr/share/cmake-2.8/Modules/CMakeCXXCompilerABI.cpp
Linking CXX executable cmTryCompileExec492803936
/usr/bin/cmake -E cmake_link_script CMakeFiles/cmTryCompileExec492803936.dir/link.txt --verbose=1
/usr/bin/c++      -v CMakeFiles/cmTryCompileExec492803936.dir/CMakeCXXCompilerABI.cpp.o  -o cmTryCompileExec492803936 -rdynamic  
Using built-in specs.
COLLECT_GCC=/usr/bin/c++
COLLECT_LTO_WRAPPER=/usr/lib/gcc/x86_64-linux-gnu/5/lto-wrapper
Target: x86_64-linux-gnu
Configured with: ../src/configure -v --with-pkgversion='Ubuntu 5.3.0-3ubuntu1~14.04' --with-bugurl=file:///usr/share/doc/gcc-5/README.Bugs --enable-languages=c,ada,c++,java,go,fortran,objc,obj-c++ --prefix=/usr --program-suffix=-5 --enable-shared --enable-linker-build-id --libexecdir=/usr/lib --without-included-gettext --enable-threads=posix --libdir=/usr/lib --enable-nls --with-sysroot=/ --enable-clocale=gnu --enable-libstdcxx-debug --enable-libstdcxx-time=yes --with-default-libstdcxx-abi=gcc4-compatible --disable-libstdcxx-dual-abi --enable-gnu-unique-object --disable-vtable-verify --enable-libmpx --enable-plugin --with-system-zlib --disable-browser-plugin --enable-java-awt=gtk --enable-gtk-cairo --with-java-home=/usr/lib/jvm/java-1.5.0-gcj-5-amd64/jre --enable-java-home --with-jvm-root-dir=/usr/lib/jvm/java-1.5.0-gcj-5-amd64 --with-jvm-jar-dir=/usr/lib/jvm-exports/java-1.5.0-gcj-5-amd64 --with-arch-directory=amd64 --with-ecj-jar=/usr/share/java/eclipse-ecj.jar --enable-objc-gc --enable-multiarch --disable-werror --with-arch-32=i686 --with-abi=m64 --with-multilib-list=m32,m64,mx32 --enable-multilib --with-tune=generic --enable-checking=release --build=x86_64-linux-gnu --host=x86_64-linux-gnu --target=x86_64-linux-gnu
Thread model: posix
gcc version 5.3.0 20151204 (Ubuntu 5.3.0-3ubuntu1~14.04) 
COMPILER_PATH=/usr/lib/gcc/x86_64-linux-gnu/5/:/usr/lib/gcc/x86_64-linux-gnu/5/:/usr/lib/gcc/x86_64-linux-gnu/:/usr/lib/gcc/x86_64-linux-gnu/5/:/usr/lib/gcc/x86_64-linux-gnu/
LIBRARY_PATH=/usr/lib/gcc/x86_64-linux-gnu/5/:/usr/lib/gcc/x86_64-linux-gnu/5/../../../x86_64-linux-gnu/:/usr/lib/gcc/x86_64-linux-gnu/5/../../../../lib/:/lib/x86_64-linux-gnu/:/lib/../lib/:/usr/lib/x86_64-linux-gnu/:/usr/lib/../lib/:/usr/lib/gcc/x86_64-linux-gnu/5/../../../:/lib/:/usr/lib/
COLLECT_GCC_OPTIONS='-v' '-o' 'cmTryCompileExec492803936' '-rdynamic' '-shared-libgcc' '-mtune=generic' '-march=x86-64'
 /usr/lib/gcc/x86_64-linux-gnu/5/collect2 -plugin /usr/lib/gcc/x86_64-linux-gnu/5/liblto_plugin.so -plugin-opt=/usr/lib/gcc/x86_64-linux-gnu/5/lto-wrapper -plugin-opt=-fresolution=/tmp/ccmFIYkA.res -plugin-opt=-pass-through=-lgcc_s -plugin-opt=-pass-through=-lgcc -plugin-opt=-pass-through=-lc -plugin-opt=-pass-through=-lgcc_s -plugin-opt=-pass-through=-lgcc --sysroot=/ --build-id --eh-frame-hdr -m elf_x86_64 --hash-style=gnu --as-needed -export-dynamic -dynamic-linker /lib64/ld-linux-x86-64.so.2 -z relro -o cmTryCompileExec492803936 /usr/lib/gcc/x86_64-linux-gnu/5/../../../x86_64-linux-gnu/crt1.o /usr/lib/gcc/x86_64-linux-gnu/5/../../../x86_64-linux-gnu/crti.o /usr/lib/gcc/x86_64-linux-gnu/5/crtbegin.o -L/usr/lib/gcc/x86_64-linux-gnu/5 -L/usr/lib/gcc/x86_64-linux-gnu/5/../../../x86_64-linux-gnu -L/usr/lib/gcc/x86_64-linux-gnu/5/../../../../lib -L/lib/x86_64-linux-gnu -L/lib/../lib -L/usr/lib/x86_64-linux-gnu -L/usr/lib/../lib -L/usr/lib/gcc/x86_64-linux-gnu/5/../../.. CMakeFiles/cmTryCompileExec492803936.dir/CMakeCXXCompilerABI.cpp.o -lstdc++ -lm -lgcc_s -lgcc -lc -lgcc_s -lgcc /usr/lib/gcc/x86_64-linux-gnu/5/crtend.o /usr/lib/gcc/x86_64-linux-gnu/5/../../../x86_64-linux-gnu/crtn.o
make[1]: Leaving directory `/home/phil/Desktop/Dropbox/Aktuelle Aufgaben/SoftwareI/ThPhRayMan/raytracer/framework/CMakeFiles/CMakeTmp'


Parsed CXX implicit link information from above output:
  link line regex: [^( *|.*[/\])(ld|([^/\]+-)?ld|collect2)[^/\]*( |$)]
  ignore line: [Change Dir: /home/phil/Desktop/Dropbox/Aktuelle Aufgaben/SoftwareI/ThPhRayMan/raytracer/framework/CMakeFiles/CMakeTmp]
  ignore line: []
  ignore line: [Run Build Command:/usr/bin/make "cmTryCompileExec492803936/fast"]
  ignore line: [/usr/bin/make -f CMakeFiles/cmTryCompileExec492803936.dir/build.make CMakeFiles/cmTryCompileExec492803936.dir/build]
  ignore line: [make[1]: Entering directory `/home/phil/Desktop/Dropbox/Aktuelle Aufgaben/SoftwareI/ThPhRayMan/raytracer/framework/CMakeFiles/CMakeTmp']
  ignore line: [/usr/bin/cmake -E cmake_progress_report "/home/phil/Desktop/Dropbox/Aktuelle Aufgaben/SoftwareI/ThPhRayMan/raytracer/framework/CMakeFiles/CMakeTmp/CMakeFiles" 1]
  ignore line: [Building CXX object CMakeFiles/cmTryCompileExec492803936.dir/CMakeCXXCompilerABI.cpp.o]
  ignore line: [/usr/bin/c++     -o CMakeFiles/cmTryCompileExec492803936.dir/CMakeCXXCompilerABI.cpp.o -c /usr/share/cmake-2.8/Modules/CMakeCXXCompilerABI.cpp]
  ignore line: [Linking CXX executable cmTryCompileExec492803936]
  ignore line: [/usr/bin/cmake -E cmake_link_script CMakeFiles/cmTryCompileExec492803936.dir/link.txt --verbose=1]
  ignore line: [/usr/bin/c++      -v CMakeFiles/cmTryCompileExec492803936.dir/CMakeCXXCompilerABI.cpp.o  -o cmTryCompileExec492803936 -rdynamic  ]
  ignore line: [Using built-in specs.]
  ignore line: [COLLECT_GCC=/usr/bin/c++]
  ignore line: [COLLECT_LTO_WRAPPER=/usr/lib/gcc/x86_64-linux-gnu/5/lto-wrapper]
  ignore line: [Target: x86_64-linux-gnu]
  ignore line: [Configured with: ../src/configure -v --with-pkgversion='Ubuntu 5.3.0-3ubuntu1~14.04' --with-bugurl=file:///usr/share/doc/gcc-5/README.Bugs --enable-languages=c,ada,c++,java,go,fortran,objc,obj-c++ --prefix=/usr --program-suffix=-5 --enable-shared --enable-linker-build-id --libexecdir=/usr/lib --without-included-gettext --enable-threads=posix --libdir=/usr/lib --enable-nls --with-sysroot=/ --enable-clocale=gnu --enable-libstdcxx-debug --enable-libstdcxx-time=yes --with-default-libstdcxx-abi=gcc4-compatible --disable-libstdcxx-dual-abi --enable-gnu-unique-object --disable-vtable-verify --enable-libmpx --enable-plugin --with-system-zlib --disable-browser-plugin --enable-java-awt=gtk --enable-gtk-cairo --with-java-home=/usr/lib/jvm/java-1.5.0-gcj-5-amd64/jre --enable-java-home --with-jvm-root-dir=/usr/lib/jvm/java-1.5.0-gcj-5-amd64 --with-jvm-jar-dir=/usr/lib/jvm-exports/java-1.5.0-gcj-5-amd64 --with-arch-directory=amd64 --with-ecj-jar=/usr/share/java/eclipse-ecj.jar --enable-objc-gc --enable-multiarch --disable-werror --with-arch-32=i686 --with-abi=m64 --with-multilib-list=m32,m64,mx32 --enable-multilib --with-tune=generic --enable-checking=release --build=x86_64-linux-gnu --host=x86_64-linux-gnu --target=x86_64-linux-gnu]
  ignore line: [Thread model: posix]
  ignore line: [gcc version 5.3.0 20151204 (Ubuntu 5.3.0-3ubuntu1~14.04) ]
  ignore line: [COMPILER_PATH=/usr/lib/gcc/x86_64-linux-gnu/5/:/usr/lib/gcc/x86_64-linux-gnu/5/:/usr/lib/gcc/x86_64-linux-gnu/:/usr/lib/gcc/x86_64-linux-gnu/5/:/usr/lib/gcc/x86_64-linux-gnu/]
  ignore line: [LIBRARY_PATH=/usr/lib/gcc/x86_64-linux-gnu/5/:/usr/lib/gcc/x86_64-linux-gnu/5/../../../x86_64-linux-gnu/:/usr/lib/gcc/x86_64-linux-gnu/5/../../../../lib/:/lib/x86_64-linux-gnu/:/lib/../lib/:/usr/lib/x86_64-linux-gnu/:/usr/lib/../lib/:/usr/lib/gcc/x86_64-linux-gnu/5/../../../:/lib/:/usr/lib/]
  ignore line: [COLLECT_GCC_OPTIONS='-v' '-o' 'cmTryCompileExec492803936' '-rdynamic' '-shared-libgcc' '-mtune=generic' '-march=x86-64']
  link line: [ /usr/lib/gcc/x86_64-linux-gnu/5/collect2 -plugin /usr/lib/gcc/x86_64-linux-gnu/5/liblto_plugin.so -plugin-opt=/usr/lib/gcc/x86_64-linux-gnu/5/lto-wrapper -plugin-opt=-fresolution=/tmp/ccmFIYkA.res -plugin-opt=-pass-through=-lgcc_s -plugin-opt=-pass-through=-lgcc -plugin-opt=-pass-through=-lc -plugin-opt=-pass-through=-lgcc_s -plugin-opt=-pass-through=-lgcc --sysroot=/ --build-id --eh-frame-hdr -m elf_x86_64 --hash-style=gnu --as-needed -export-dynamic -dynamic-linker /lib64/ld-linux-x86-64.so.2 -z relro -o cmTryCompileExec492803936 /usr/lib/gcc/x86_64-linux-gnu/5/../../../x86_64-linux-gnu/crt1.o /usr/lib/gcc/x86_64-linux-gnu/5/../../../x86_64-linux-gnu/crti.o /usr/lib/gcc/x86_64-linux-gnu/5/crtbegin.o -L/usr/lib/gcc/x86_64-linux-gnu/5 -L/usr/lib/gcc/x86_64-linux-gnu/5/../../../x86_64-linux-gnu -L/usr/lib/gcc/x86_64-linux-gnu/5/../../../../lib -L/lib/x86_64-linux-gnu -L/lib/../lib -L/usr/lib/x86_64-linux-gnu -L/usr/lib/../lib -L/usr/lib/gcc/x86_64-linux-gnu/5/../../.. CMakeFiles/cmTryCompileExec492803936.dir/CMakeCXXCompilerABI.cpp.o -lstdc++ -lm -lgcc_s -lgcc -lc -lgcc_s -lgcc /usr/lib/gcc/x86_64-linux-gnu/5/crtend.o /usr/lib/gcc/x86_64-linux-gnu/5/../../../x86_64-linux-gnu/crtn.o]
    arg [/usr/lib/gcc/x86_64-linux-gnu/5/collect2] ==> ignore
    arg [-plugin] ==> ignore
    arg [/usr/lib/gcc/x86_64-linux-gnu/5/liblto_plugin.so] ==> ignore
    arg [-plugin-opt=/usr/lib/gcc/x86_64-linux-gnu/5/lto-wrapper] ==> ignore
    arg [-plugin-opt=-fresolution=/tmp/ccmFIYkA.res] ==> ignore
    arg [-plugin-opt=-pass-through=-lgcc_s] ==> ignore
    arg [-plugin-opt=-pass-through=-lgcc] ==> ignore
    arg [-plugin-opt=-pass-through=-lc] ==> ignore
    arg [-plugin-opt=-pass-through=-lgcc_s] ==> ignore
    arg [-plugin-opt=-pass-through=-lgcc] ==> ignore
    arg [--sysroot=/] ==> ignore
    arg [--build-id] ==> ignore
    arg [--eh-frame-hdr] ==> ignore
    arg [-m] ==> ignore
    arg [elf_x86_64] ==> ignore
    arg [--hash-style=gnu] ==> ignore
    arg [--as-needed] ==> ignore
    arg [-export-dynamic] ==> ignore
    arg [-dynamic-linker] ==> ignore
    arg [/lib64/ld-linux-x86-64.so.2] ==> ignore
    arg [-zrelro] ==> ignore
    arg [-o] ==> ignore
    arg [cmTryCompileExec492803936] ==> ignore
    arg [/usr/lib/gcc/x86_64-linux-gnu/5/../../../x86_64-linux-gnu/crt1.o] ==> ignore
    arg [/usr/lib/gcc/x86_64-linux-gnu/5/../../../x86_64-linux-gnu/crti.o] ==> ignore
    arg [/usr/lib/gcc/x86_64-linux-gnu/5/crtbegin.o] ==> ignore
    arg [-L/usr/lib/gcc/x86_64-linux-gnu/5] ==> dir [/usr/lib/gcc/x86_64-linux-gnu/5]
    arg [-L/usr/lib/gcc/x86_64-linux-gnu/5/../../../x86_64-linux-gnu] ==> dir [/usr/lib/gcc/x86_64-linux-gnu/5/../../../x86_64-linux-gnu]
    arg [-L/usr/lib/gcc/x86_64-linux-gnu/5/../../../../lib] ==> dir [/usr/lib/gcc/x86_64-linux-gnu/5/../../../../lib]
    arg [-L/lib/x86_64-linux-gnu] ==> dir [/lib/x86_64-linux-gnu]
    arg [-L/lib/../lib] ==> dir [/lib/../lib]
    arg [-L/usr/lib/x86_64-linux-gnu] ==> dir [/usr/lib/x86_64-linux-gnu]
    arg [-L/usr/lib/../lib] ==> dir [/usr/lib/../lib]
    arg [-L/usr/lib/gcc/x86_64-linux-gnu/5/../../..] ==> dir [/usr/lib/gcc/x86_64-linux-gnu/5/../../..]
    arg [CMakeFiles/cmTryCompileExec492803936.dir/CMakeCXXCompilerABI.cpp.o] ==> ignore
    arg [-lstdc++] ==> lib [stdc++]
    arg [-lm] ==> lib [m]
    arg [-lgcc_s] ==> lib [gcc_s]
    arg [-lgcc] ==> lib [gcc]
    arg [-lc] ==> lib [c]
    arg [-lgcc_s] ==> lib [gcc_s]
    arg [-lgcc] ==> lib [gcc]
    arg [/usr/lib/gcc/x86_64-linux-gnu/5/crtend.o] ==> ignore
    arg [/usr/lib/gcc/x86_64-linux-gnu/5/../../../x86_64-linux-gnu/crtn.o] ==> ignore
  remove lib [gcc_s]
  remove lib [gcc]
  remove lib [gcc_s]
  remove lib [gcc]
  collapse library dir [/usr/lib/gcc/x86_64-linux-gnu/5] ==> [/usr/lib/gcc/x86_64-linux-gnu/5]
  collapse library dir [/usr/lib/gcc/x86_64-linux-gnu/5/../../../x86_64-linux-gnu] ==> [/usr/lib/x86_64-linux-gnu]
  collapse library dir [/usr/lib/gcc/x86_64-linux-gnu/5/../../../../lib] ==> [/usr/lib]
  collapse library dir [/lib/x86_64-linux-gnu] ==> [/lib/x86_64-linux-gnu]
  collapse library dir [/lib/../lib] ==> [/lib]
  collapse library dir [/usr/lib/x86_64-linux-gnu] ==> [/usr/lib/x86_64-linux-gnu]
  collapse library dir [/usr/lib/../lib] ==> [/usr/lib]
  collapse library dir [/usr/lib/gcc/x86_64-linux-gnu/5/../../..] ==> [/usr/lib]
  implicit libs: [stdc++;m;c]
  implicit dirs: [/usr/lib/gcc/x86_64-linux-gnu/5;/usr/lib/x86_64-linux-gnu;/usr/lib;/lib/x86_64-linux-gnu;/lib]
  implicit fwks: []


Determining if the function XOpenDisplay exists in the /usr/lib/x86_64-linux-gnu/libX11.so;/usr/lib/x86_64-linux-gnu/libXext.so passed with the following output:
Change Dir: /home/phil/Desktop/Dropbox/Aktuelle Aufgaben/SoftwareI/ThPhRayMan/raytracer/framework/CMakeFiles/CMakeTmp

Run Build Command:/usr/bin/make "cmTryCompileExec3914596349/fast"
/usr/bin/make -f CMakeFiles/cmTryCompileExec3914596349.dir/build.make CMakeFiles/cmTryCompileExec3914596349.dir/build
make[1]: Entering directory `/home/phil/Desktop/Dropbox/Aktuelle Aufgaben/SoftwareI/ThPhRayMan/raytracer/framework/CMakeFiles/CMakeTmp'
/usr/bin/cmake -E cmake_progress_report "/home/phil/Desktop/Dropbox/Aktuelle Aufgaben/SoftwareI/ThPhRayMan/raytracer/framework/CMakeFiles/CMakeTmp/CMakeFiles" 1
Building C object CMakeFiles/cmTryCompileExec3914596349.dir/CheckFunctionExists.c.o
/usr/bin/cc   -DCHECK_FUNCTION_EXISTS=XOpenDisplay   -o CMakeFiles/cmTryCompileExec3914596349.dir/CheckFunctionExists.c.o   -c /usr/share/cmake-2.8/Modules/CheckFunctionExists.c
Linking C executable cmTryCompileExec3914596349
/usr/bin/cmake -E cmake_link_script CMakeFiles/cmTryCompileExec3914596349.dir/link.txt --verbose=1
/usr/bin/cc   -DCHECK_FUNCTION_EXISTS=XOpenDisplay    CMakeFiles/cmTryCompileExec3914596349.dir/CheckFunctionExists.c.o  -o cmTryCompileExec3914596349 -rdynamic -lX11 -lXext 
make[1]: Leaving directory `/home/phil/Desktop/Dropbox/Aktuelle Aufgaben/SoftwareI/ThPhRayMan/raytracer/framework/CMakeFiles/CMakeTmp'


Determining if the function gethostbyname exists passed with the following output:
Change Dir: /home/phil/Desktop/Dropbox/Aktuelle Aufgaben/SoftwareI/ThPhRayMan/raytracer/framework/CMakeFiles/CMakeTmp

Run Build Command:/usr/bin/make "cmTryCompileExec3337833346/fast"
/usr/bin/make -f CMakeFiles/cmTryCompileExec3337833346.dir/build.make CMakeFiles/cmTryCompileExec3337833346.dir/build
make[1]: Entering directory `/home/phil/Desktop/Dropbox/Aktuelle Aufgaben/SoftwareI/ThPhRayMan/raytracer/framework/CMakeFiles/CMakeTmp'
/usr/bin/cmake -E cmake_progress_report "/home/phil/Desktop/Dropbox/Aktuelle Aufgaben/SoftwareI/ThPhRayMan/raytracer/framework/CMakeFiles/CMakeTmp/CMakeFiles" 1
Building C object CMakeFiles/cmTryCompileExec3337833346.dir/CheckFunctionExists.c.o
/usr/bin/cc   -DCHECK_FUNCTION_EXISTS=gethostbyname   -o CMakeFiles/cmTryCompileExec3337833346.dir/CheckFunctionExists.c.o   -c /usr/share/cmake-2.8/Modules/CheckFunctionExists.c
Linking C executable cmTryCompileExec3337833346
/usr/bin/cmake -E cmake_link_script CMakeFiles/cmTryCompileExec3337833346.dir/link.txt --verbose=1
/usr/bin/cc   -DCHECK_FUNCTION_EXISTS=gethostbyname    CMakeFiles/cmTryCompileExec3337833346.dir/CheckFunctionExists.c.o  -o cmTryCompileExec3337833346 -rdynamic 
make[1]: Leaving directory `/home/phil/Desktop/Dropbox/Aktuelle Aufgaben/SoftwareI/ThPhRayMan/raytracer/framework/CMakeFiles/CMakeTmp'


Determining if the function connect exists passed with the following output:
Change Dir: /home/phil/Desktop/Dropbox/Aktuelle Aufgaben/SoftwareI/ThPhRayMan/raytracer/framework/CMakeFiles/CMakeTmp

Run Build Command:/usr/bin/make "cmTryCompileExec4241578269/fast"
/usr/bin/make -f CMakeFiles/cmTryCompileExec4241578269.dir/build.make CMakeFiles/cmTryCompileExec4241578269.dir/build
make[1]: Entering directory `/home/phil/Desktop/Dropbox/Aktuelle Aufgaben/SoftwareI/ThPhRayMan/raytracer/framework/CMakeFiles/CMakeTmp'
/usr/bin/cmake -E cmake_progress_report "/home/phil/Desktop/Dropbox/Aktuelle Aufgaben/SoftwareI/ThPhRayMan/raytracer/framework/CMakeFiles/CMakeTmp/CMakeFiles" 1
Building C object CMakeFiles/cmTryCompileExec4241578269.dir/CheckFunctionExists.c.o
/usr/bin/cc   -DCHECK_FUNCTION_EXISTS=connect   -o CMakeFiles/cmTryCompileExec4241578269.dir/CheckFunctionExists.c.o   -c /usr/share/cmake-2.8/Modules/CheckFunctionExists.c
Linking C executable cmTryCompileExec4241578269
/usr/bin/cmake -E cmake_link_script CMakeFiles/cmTryCompileExec4241578269.dir/link.txt --verbose=1
/usr/bin/cc   -DCHECK_FUNCTION_EXISTS=connect    CMakeFiles/cmTryCompileExec4241578269.dir/CheckFunctionExists.c.o  -o cmTryCompileExec4241578269 -rdynamic 
make[1]: Leaving directory `/home/phil/Desktop/Dropbox/Aktuelle Aufgaben/SoftwareI/ThPhRayMan/raytracer/framework/CMakeFiles/CMakeTmp'


Determining if the function remove exists passed with the following output:
Change Dir: /home/phil/Desktop/Dropbox/Aktuelle Aufgaben/SoftwareI/ThPhRayMan/raytracer/framework/CMakeFiles/CMakeTmp

Run Build Command:/usr/bin/make "cmTryCompileExec3394316306/fast"
/usr/bin/make -f CMakeFiles/cmTryCompileExec3394316306.dir/build.make CMakeFiles/cmTryCompileExec3394316306.dir/build
make[1]: Entering directory `/home/phil/Desktop/Dropbox/Aktuelle Aufgaben/SoftwareI/ThPhRayMan/raytracer/framework/CMakeFiles/CMakeTmp'
/usr/bin/cmake -E cmake_progress_report "/home/phil/Desktop/Dropbox/Aktuelle Aufgaben/SoftwareI/ThPhRayMan/raytracer/framework/CMakeFiles/CMakeTmp/CMakeFiles" 1
Building C object CMakeFiles/cmTryCompileExec3394316306.dir/CheckFunctionExists.c.o
/usr/bin/cc   -DCHECK_FUNCTION_EXISTS=remove   -o CMakeFiles/cmTryCompileExec3394316306.dir/CheckFunctionExists.c.o   -c /usr/share/cmake-2.8/Modules/CheckFunctionExists.c
Linking C executable cmTryCompileExec3394316306
/usr/bin/cmake -E cmake_link_script CMakeFiles/cmTryCompileExec3394316306.dir/link.txt --verbose=1
/usr/bin/cc   -DCHECK_FUNCTION_EXISTS=remove    CMakeFiles/cmTryCompileExec3394316306.dir/CheckFunctionExists.c.o  -o cmTryCompileExec3394316306 -rdynamic 
make[1]: Leaving directory `/home/phil/Desktop/Dropbox/Aktuelle Aufgaben/SoftwareI/ThPhRayMan/raytracer/framework/CMakeFiles/CMakeTmp'


Determining if the function shmat exists passed with the following output:
Change Dir: /home/phil/Desktop/Dropbox/Aktuelle Aufgaben/SoftwareI/ThPhRayMan/raytracer/framework/CMakeFiles/CMakeTmp

Run Build Command:/usr/bin/make "cmTryCompileExec1143113313/fast"
/usr/bin/make -f CMakeFiles/cmTryCompileExec1143113313.dir/build.make CMakeFiles/cmTryCompileExec1143113313.dir/build
make[1]: Entering directory `/home/phil/Desktop/Dropbox/Aktuelle Aufgaben/SoftwareI/ThPhRayMan/raytracer/framework/CMakeFiles/CMakeTmp'
/usr/bin/cmake -E cmake_progress_report "/home/phil/Desktop/Dropbox/Aktuelle Aufgaben/SoftwareI/ThPhRayMan/raytracer/framework/CMakeFiles/CMakeTmp/CMakeFiles" 1
Building C object CMakeFiles/cmTryCompileExec1143113313.dir/CheckFunctionExists.c.o
/usr/bin/cc   -DCHECK_FUNCTION_EXISTS=shmat   -o CMakeFiles/cmTryCompileExec1143113313.dir/CheckFunctionExists.c.o   -c /usr/share/cmake-2.8/Modules/CheckFunctionExists.c
Linking C executable cmTryCompileExec1143113313
/usr/bin/cmake -E cmake_link_script CMakeFiles/cmTryCompileExec1143113313.dir/link.txt --verbose=1
/usr/bin/cc   -DCHECK_FUNCTION_EXISTS=shmat    CMakeFiles/cmTryCompileExec1143113313.dir/CheckFunctionExists.c.o  -o cmTryCompileExec1143113313 -rdynamic 
make[1]: Leaving directory `/home/phil/Desktop/Dropbox/Aktuelle Aufgaben/SoftwareI/ThPhRayMan/raytracer/framework/CMakeFiles/CMakeTmp'


Determining if the function IceConnectionNumber exists in the ICE passed with the following output:
Change Dir: /home/phil/Desktop/Dropbox/Aktuelle Aufgaben/SoftwareI/ThPhRayMan/raytracer/framework/CMakeFiles/CMakeTmp

Run Build Command:/usr/bin/make "cmTryCompileExec154881923/fast"
/usr/bin/make -f CMakeFiles/cmTryCompileExec154881923.dir/build.make CMakeFiles/cmTryCompileExec154881923.dir/build
make[1]: Entering directory `/home/phil/Desktop/Dropbox/Aktuelle Aufgaben/SoftwareI/ThPhRayMan/raytracer/framework/CMakeFiles/CMakeTmp'
/usr/bin/cmake -E cmake_progress_report "/home/phil/Desktop/Dropbox/Aktuelle Aufgaben/SoftwareI/ThPhRayMan/raytracer/framework/CMakeFiles/CMakeTmp/CMakeFiles" 1
Building C object CMakeFiles/cmTryCompileExec154881923.dir/CheckFunctionExists.c.o
/usr/bin/cc   -DCHECK_FUNCTION_EXISTS=IceConnectionNumber   -o CMakeFiles/cmTryCompileExec154881923.dir/CheckFunctionExists.c.o   -c /usr/share/cmake-2.8/Modules/CheckFunctionExists.c
Linking C executable cmTryCompileExec154881923
/usr/bin/cmake -E cmake_link_script CMakeFiles/cmTryCompileExec154881923.dir/link.txt --verbose=1
/usr/bin/cc   -DCHECK_FUNCTION_EXISTS=IceConnectionNumber    CMakeFiles/cmTryCompileExec154881923.dir/CheckFunctionExists.c.o  -o cmTryCompileExec154881923 -rdynamic -lICE 
make[1]: Leaving directory `/home/phil/Desktop/Dropbox/Aktuelle Aufgaben/SoftwareI/ThPhRayMan/raytracer/framework/CMakeFiles/CMakeTmp'


Determining if files pthread.h exist passed with the following output:
Change Dir: /home/phil/Desktop/Dropbox/Aktuelle Aufgaben/SoftwareI/ThPhRayMan/raytracer/framework/CMakeFiles/CMakeTmp

Run Build Command:/usr/bin/make "cmTryCompileExec1668803491/fast"
/usr/bin/make -f CMakeFiles/cmTryCompileExec1668803491.dir/build.make CMakeFiles/cmTryCompileExec1668803491.dir/build
make[1]: Entering directory `/home/phil/Desktop/Dropbox/Aktuelle Aufgaben/SoftwareI/ThPhRayMan/raytracer/framework/CMakeFiles/CMakeTmp'
/usr/bin/cmake -E cmake_progress_report "/home/phil/Desktop/Dropbox/Aktuelle Aufgaben/SoftwareI/ThPhRayMan/raytracer/framework/CMakeFiles/CMakeTmp/CMakeFiles" 1
Building C object CMakeFiles/cmTryCompileExec1668803491.dir/CheckIncludeFiles.c.o
/usr/bin/cc    -o CMakeFiles/cmTryCompileExec1668803491.dir/CheckIncludeFiles.c.o   -c "/home/phil/Desktop/Dropbox/Aktuelle Aufgaben/SoftwareI/ThPhRayMan/raytracer/framework/CMakeFiles/CMakeTmp/CheckIncludeFiles.c"
Linking C executable cmTryCompileExec1668803491
/usr/bin/cmake -E cmake_link_script CMakeFiles/cmTryCompileExec1668803491.dir/link.txt --verbose=1
/usr/bin/cc       CMakeFiles/cmTryCompileExec1668803491.dir/CheckIncludeFiles.c.o  -o cmTryCompileExec1668803491 -rdynamic 
make[1]: Leaving directory `/home/phil/Desktop/Dropbox/Aktuelle Aufgaben/SoftwareI/ThPhRayMan/raytracer/framework/CMakeFiles/CMakeTmp'


Determining if the function pthread_create exists in the pthread passed with the following output:
Change Dir: /home/phil/Desktop/Dropbox/Aktuelle Aufgaben/SoftwareI/ThPhRayMan/raytracer/framework/CMakeFiles/CMakeTmp

Run Build Command:/usr/bin/make "cmTryCompileExec2152434243/fast"
/usr/bin/make -f CMakeFiles/cmTryCompileExec2152434243.dir/build.make CMakeFiles/cmTryCompileExec2152434243.dir/build
make[1]: Entering directory `/home/phil/Desktop/Dropbox/Aktuelle Aufgaben/SoftwareI/ThPhRayMan/raytracer/framework/CMakeFiles/CMakeTmp'
/usr/bin/cmake -E cmake_progress_report "/home/phil/Desktop/Dropbox/Aktuelle Aufgaben/SoftwareI/ThPhRayMan/raytracer/framework/CMakeFiles/CMakeTmp/CMakeFiles" 1
Building C object CMakeFiles/cmTryCompileExec2152434243.dir/CheckFunctionExists.c.o
/usr/bin/cc   -DCHECK_FUNCTION_EXISTS=pthread_create   -o CMakeFiles/cmTryCompileExec2152434243.dir/CheckFunctionExists.c.o   -c /usr/share/cmake-2.8/Modules/CheckFunctionExists.c
Linking C executable cmTryCompileExec2152434243
/usr/bin/cmake -E cmake_link_script CMakeFiles/cmTryCompileExec2152434243.dir/link.txt --verbose=1
/usr/bin/cc   -DCHECK_FUNCTION_EXISTS=pthread_create    CMakeFiles/cmTryCompileExec2152434243.dir/CheckFunctionExists.c.o  -o cmTryCompileExec2152434243 -rdynamic -lpthread 
make[1]: Leaving directory `/home/phil/Desktop/Dropbox/Aktuelle Aufgaben/SoftwareI/ThPhRayMan/raytracer/framework/CMakeFiles/CMakeTmp'


Determining if the function glXGetProcAddress exists passed with the following output:
Change Dir: /home/phil/Desktop/Dropbox/Aktuelle Aufgaben/SoftwareI/ThPhRayMan/raytracer/framework/CMakeFiles/CMakeTmp

Run Build Command:/usr/bin/make "cmTryCompileExec3277659201/fast"
/usr/bin/make -f CMakeFiles/cmTryCompileExec3277659201.dir/build.make CMakeFiles/cmTryCompileExec3277659201.dir/build
make[1]: Entering directory `/home/phil/Desktop/Dropbox/Aktuelle Aufgaben/SoftwareI/ThPhRayMan/raytracer/framework/CMakeFiles/CMakeTmp'
/usr/bin/cmake -E cmake_progress_report "/home/phil/Desktop/Dropbox/Aktuelle Aufgaben/SoftwareI/ThPhRayMan/raytracer/framework/CMakeFiles/CMakeTmp/CMakeFiles" 1
Building C object CMakeFiles/cmTryCompileExec3277659201.dir/CheckFunctionExists.c.o
/usr/bin/cc   -DCHECK_FUNCTION_EXISTS=glXGetProcAddress   -o CMakeFiles/cmTryCompileExec3277659201.dir/CheckFunctionExists.c.o   -c /usr/share/cmake-2.8/Modules/CheckFunctionExists.c
Linking C executable cmTryCompileExec3277659201
/usr/bin/cmake -E cmake_link_script CMakeFiles/cmTryCompileExec3277659201.dir/link.txt --verbose=1
/usr/bin/cc   -DCHECK_FUNCTION_EXISTS=glXGetProcAddress    CMakeFiles/cmTryCompileExec3277659201.dir/CheckFunctionExists.c.o  -o cmTryCompileExec3277659201 -rdynamic -lGL 
make[1]: Leaving directory `/home/phil/Desktop/Dropbox/Aktuelle Aufgaben/SoftwareI/ThPhRayMan/raytracer/framework/CMakeFiles/CMakeTmp'


Determining if the function glXGetProcAddressARB exists passed with the following output:
Change Dir: /home/phil/Desktop/Dropbox/Aktuelle Aufgaben/SoftwareI/ThPhRayMan/raytracer/framework/CMakeFiles/CMakeTmp

Run Build Command:/usr/bin/make "cmTryCompileExec338921445/fast"
/usr/bin/make -f CMakeFiles/cmTryCompileExec338921445.dir/build.make CMakeFiles/cmTryCompileExec338921445.dir/build
make[1]: Entering directory `/home/phil/Desktop/Dropbox/Aktuelle Aufgaben/SoftwareI/ThPhRayMan/raytracer/framework/CMakeFiles/CMakeTmp'
/usr/bin/cmake -E cmake_progress_report "/home/phil/Desktop/Dropbox/Aktuelle Aufgaben/SoftwareI/ThPhRayMan/raytracer/framework/CMakeFiles/CMakeTmp/CMakeFiles" 1
Building C object CMakeFiles/cmTryCompileExec338921445.dir/CheckFunctionExists.c.o
/usr/bin/cc   -DCHECK_FUNCTION_EXISTS=glXGetProcAddressARB   -o CMakeFiles/cmTryCompileExec338921445.dir/CheckFunctionExists.c.o   -c /usr/share/cmake-2.8/Modules/CheckFunctionExists.c
Linking C executable cmTryCompileExec338921445
/usr/bin/cmake -E cmake_link_script CMakeFiles/cmTryCompileExec338921445.dir/link.txt --verbose=1
/usr/bin/cc   -DCHECK_FUNCTION_EXISTS=glXGetProcAddressARB    CMakeFiles/cmTryCompileExec338921445.dir/CheckFunctionExists.c.o  -o cmTryCompileExec338921445 -rdynamic -lGL 
make[1]: Leaving directory `/home/phil/Desktop/Dropbox/Aktuelle Aufgaben/SoftwareI/ThPhRayMan/raytracer/framework/CMakeFiles/CMakeTmp'


