Determining if the pthread_create exist failed with the following output:
Change Dir: /home/phil/Desktop/Dropbox/Aktuelle Aufgaben/SoftwareI/ThPhRayMan/raytracer/framework/CMakeFiles/CMakeTmp

Run Build Command:/usr/bin/make "cmTryCompileExec1366297692/fast"
/usr/bin/make -f CMakeFiles/cmTryCompileExec1366297692.dir/build.make CMakeFiles/cmTryCompileExec1366297692.dir/build
make[1]: Entering directory `/home/phil/Desktop/Dropbox/Aktuelle Aufgaben/SoftwareI/ThPhRayMan/raytracer/framework/CMakeFiles/CMakeTmp'
/usr/bin/cmake -E cmake_progress_report "/home/phil/Desktop/Dropbox/Aktuelle Aufgaben/SoftwareI/ThPhRayMan/raytracer/framework/CMakeFiles/CMakeTmp/CMakeFiles" 1
Building C object CMakeFiles/cmTryCompileExec1366297692.dir/CheckSymbolExists.c.o
/usr/bin/cc    -o CMakeFiles/cmTryCompileExec1366297692.dir/CheckSymbolExists.c.o   -c "/home/phil/Desktop/Dropbox/Aktuelle Aufgaben/SoftwareI/ThPhRayMan/raytracer/framework/CMakeFiles/CMakeTmp/CheckSymbolExists.c"
Linking C executable cmTryCompileExec1366297692
/usr/bin/cmake -E cmake_link_script CMakeFiles/cmTryCompileExec1366297692.dir/link.txt --verbose=1
/usr/bin/cc       CMakeFiles/cmTryCompileExec1366297692.dir/CheckSymbolExists.c.o  -o cmTryCompileExec1366297692 -rdynamic 
CMakeFiles/cmTryCompileExec1366297692.dir/CheckSymbolExists.c.o: In function `main':
CheckSymbolExists.c:(.text+0x16): undefined reference to `pthread_create'
collect2: error: ld returned 1 exit status
make[1]: Leaving directory `/home/phil/Desktop/Dropbox/Aktuelle Aufgaben/SoftwareI/ThPhRayMan/raytracer/framework/CMakeFiles/CMakeTmp'
make[1]: *** [cmTryCompileExec1366297692] Error 1
make: *** [cmTryCompileExec1366297692/fast] Error 2

File /home/phil/Desktop/Dropbox/Aktuelle Aufgaben/SoftwareI/ThPhRayMan/raytracer/framework/CMakeFiles/CMakeTmp/CheckSymbolExists.c:
/* */
#include <pthread.h>

int main(int argc, char** argv)
{
  (void)argv;
#ifndef pthread_create
  return ((int*)(&pthread_create))[argc];
#else
  (void)argc;
  return 0;
#endif
}

Determining if the function pthread_create exists in the pthreads failed with the following output:
Change Dir: /home/phil/Desktop/Dropbox/Aktuelle Aufgaben/SoftwareI/ThPhRayMan/raytracer/framework/CMakeFiles/CMakeTmp

Run Build Command:/usr/bin/make "cmTryCompileExec263488344/fast"
/usr/bin/make -f CMakeFiles/cmTryCompileExec263488344.dir/build.make CMakeFiles/cmTryCompileExec263488344.dir/build
make[1]: Entering directory `/home/phil/Desktop/Dropbox/Aktuelle Aufgaben/SoftwareI/ThPhRayMan/raytracer/framework/CMakeFiles/CMakeTmp'
/usr/bin/cmake -E cmake_progress_report "/home/phil/Desktop/Dropbox/Aktuelle Aufgaben/SoftwareI/ThPhRayMan/raytracer/framework/CMakeFiles/CMakeTmp/CMakeFiles" 1
Building C object CMakeFiles/cmTryCompileExec263488344.dir/CheckFunctionExists.c.o
/usr/bin/cc   -DCHECK_FUNCTION_EXISTS=pthread_create   -o CMakeFiles/cmTryCompileExec263488344.dir/CheckFunctionExists.c.o   -c /usr/share/cmake-2.8/Modules/CheckFunctionExists.c
Linking C executable cmTryCompileExec263488344
/usr/bin/cmake -E cmake_link_script CMakeFiles/cmTryCompileExec263488344.dir/link.txt --verbose=1
/usr/bin/cc   -DCHECK_FUNCTION_EXISTS=pthread_create    CMakeFiles/cmTryCompileExec263488344.dir/CheckFunctionExists.c.o  -o cmTryCompileExec263488344 -rdynamic -lpthreads 
/usr/bin/ld: cannot find -lpthreads
collect2: error: ld returned 1 exit status
make[1]: *** [cmTryCompileExec263488344] Error 1
make[1]: Leaving directory `/home/phil/Desktop/Dropbox/Aktuelle Aufgaben/SoftwareI/ThPhRayMan/raytracer/framework/CMakeFiles/CMakeTmp'
make: *** [cmTryCompileExec263488344/fast] Error 2


Determining if the function glXGetProcAddressEXT exists failed with the following output:
Change Dir: /home/phil/Desktop/Dropbox/Aktuelle Aufgaben/SoftwareI/ThPhRayMan/raytracer/framework/CMakeFiles/CMakeTmp

Run Build Command:/usr/bin/make "cmTryCompileExec3669926654/fast"
/usr/bin/make -f CMakeFiles/cmTryCompileExec3669926654.dir/build.make CMakeFiles/cmTryCompileExec3669926654.dir/build
make[1]: Entering directory `/home/phil/Desktop/Dropbox/Aktuelle Aufgaben/SoftwareI/ThPhRayMan/raytracer/framework/CMakeFiles/CMakeTmp'
/usr/bin/cmake -E cmake_progress_report "/home/phil/Desktop/Dropbox/Aktuelle Aufgaben/SoftwareI/ThPhRayMan/raytracer/framework/CMakeFiles/CMakeTmp/CMakeFiles" 1
Building C object CMakeFiles/cmTryCompileExec3669926654.dir/CheckFunctionExists.c.o
/usr/bin/cc   -DCHECK_FUNCTION_EXISTS=glXGetProcAddressEXT   -o CMakeFiles/cmTryCompileExec3669926654.dir/CheckFunctionExists.c.o   -c /usr/share/cmake-2.8/Modules/CheckFunctionExists.c
Linking C executable cmTryCompileExec3669926654
/usr/bin/cmake -E cmake_link_script CMakeFiles/cmTryCompileExec3669926654.dir/link.txt --verbose=1
/usr/bin/cc   -DCHECK_FUNCTION_EXISTS=glXGetProcAddressEXT    CMakeFiles/cmTryCompileExec3669926654.dir/CheckFunctionExists.c.o  -o cmTryCompileExec3669926654 -rdynamic -lGL 
CMakeFiles/cmTryCompileExec3669926654.dir/CheckFunctionExists.c.o: In function `main':
CheckFunctionExists.c:(.text+0x15): undefined reference to `glXGetProcAddressEXT'
collect2: error: ld returned 1 exit status
make[1]: Leaving directory `/home/phil/Desktop/Dropbox/Aktuelle Aufgaben/SoftwareI/ThPhRayMan/raytracer/framework/CMakeFiles/CMakeTmp'
make[1]: *** [cmTryCompileExec3669926654] Error 1
make: *** [cmTryCompileExec3669926654/fast] Error 2


